  [1m[35m (100.1ms)[0m  [1m[35mCREATE DATABASE "matchr_api_development" ENCODING = 'unicode'[0m
  [1m[35m (54.6ms)[0m  [1m[35mCREATE DATABASE "matchr_api_test" ENCODING = 'unicode'[0m
  [1m[35m (53.7ms)[0m  [1m[35mCREATE TABLE "schema_migrations" ("version" character varying NOT NULL PRIMARY KEY)[0m
  [1m[35m (48.3ms)[0m  [1m[35mCREATE TABLE "ar_internal_metadata" ("key" character varying NOT NULL PRIMARY KEY, "value" character varying, "created_at" timestamp(6) NOT NULL, "updated_at" timestamp(6) NOT NULL)[0m
  [1m[35m (0.4ms)[0m  [1m[34mSELECT pg_try_advisory_lock(7403773532482850250)[0m
  [1m[35m (0.6ms)[0m  [1m[34mSELECT "schema_migrations"."version" FROM "schema_migrations" ORDER BY "schema_migrations"."version" ASC[0m
Migrating to CreateUsers (20200922011655)
  [1m[35m (0.2ms)[0m  [1m[35mBEGIN[0m
  [1m[35m (48.6ms)[0m  [1m[35mCREATE TABLE "users" ("id" bigserial primary key, "name" character varying, "starsign" character varying, "age" integer, "img" character varying, "ltl" boolean, "created_at" timestamp(6) NOT NULL, "updated_at" timestamp(6) NOT NULL)[0m
  [1m[36mprimary::SchemaMigration Create (1.2ms)[0m  [1m[32mINSERT INTO "schema_migrations" ("version") VALUES ($1) RETURNING "version"[0m  [["version", "20200922011655"]]
  [1m[35m (0.5ms)[0m  [1m[35mCOMMIT[0m
  [1m[36mActiveRecord::InternalMetadata Load (0.4ms)[0m  [1m[34mSELECT "ar_internal_metadata".* FROM "ar_internal_metadata" WHERE "ar_internal_metadata"."key" = $1 LIMIT $2[0m  [["key", "environment"], ["LIMIT", 1]]
  [1m[35m (0.1ms)[0m  [1m[35mBEGIN[0m
  [1m[36mActiveRecord::InternalMetadata Create (41.8ms)[0m  [1m[32mINSERT INTO "ar_internal_metadata" ("key", "value", "created_at", "updated_at") VALUES ($1, $2, $3, $4) RETURNING "key"[0m  [["key", "environment"], ["value", "development"], ["created_at", "2020-09-22 01:17:56.840582"], ["updated_at", "2020-09-22 01:17:56.840582"]]
  [1m[35m (2.2ms)[0m  [1m[35mCOMMIT[0m
  [1m[35m (0.4ms)[0m  [1m[34mSELECT pg_advisory_unlock(7403773532482850250)[0m
  [1m[35m (1.1ms)[0m  [1m[34mSELECT "schema_migrations"."version" FROM "schema_migrations" ORDER BY "schema_migrations"."version" ASC[0m
  [1m[36mUser Load (0.5ms)[0m  [1m[34mSELECT "users".* FROM "users" LIMIT $1[0m  [["LIMIT", 11]]
  [1m[35m (0.7ms)[0m  [1m[34mSELECT "schema_migrations"."version" FROM "schema_migrations" ORDER BY "schema_migrations"."version" ASC[0m
  [1m[35m (0.1ms)[0m  [1m[35mBEGIN[0m
  [1m[36mUser Create (0.9ms)[0m  [1m[32mINSERT INTO "users" ("name", "starsign", "age", "img", "ltl", "created_at", "updated_at") VALUES ($1, $2, $3, $4, $5, $6, $7) RETURNING "id"[0m  [["name", "Ryan Gosling"], ["starsign", "Scorpio"], ["age", 35], ["img", "http://coolspotters.com/files/photos/591533/ryan-gosling-large.jpg?1357449177"], ["ltl", true], ["created_at", "2020-09-22 01:24:26.673440"], ["updated_at", "2020-09-22 01:24:26.673440"]]
  [1m[35m (41.9ms)[0m  [1m[35mCOMMIT[0m
  [1m[35m (0.2ms)[0m  [1m[35mBEGIN[0m
  [1m[36mUser Create (0.4ms)[0m  [1m[32mINSERT INTO "users" ("name", "starsign", "age", "img", "ltl", "created_at", "updated_at") VALUES ($1, $2, $3, $4, $5, $6, $7) RETURNING "id"[0m  [["name", " Hypatia of Alexandria  "], ["starsign", "Aries"], ["age", 1700], ["img", "http://static1.squarespace.com/static/53e031f1e4b088c3aac80e47/t/5636ebf1e4b0683b6c56cb43/1446440030277/hypatia.jpg"], ["ltl", true], ["created_at", "2020-09-22 01:24:26.720415"], ["updated_at", "2020-09-22 01:24:26.720415"]]
  [1m[35m (0.4ms)[0m  [1m[35mCOMMIT[0m
  [1m[35m (0.1ms)[0m  [1m[35mBEGIN[0m
  [1m[36mUser Create (0.3ms)[0m  [1m[32mINSERT INTO "users" ("name", "starsign", "age", "img", "ltl", "created_at", "updated_at") VALUES ($1, $2, $3, $4, $5, $6, $7) RETURNING "id"[0m  [["name", "Hogan"], ["starsign", "Libra"], ["age", 40], ["img", "http://myfivebest.com/wp-content/uploads/2010/10/crime_crane.jpg"], ["ltl", true], ["created_at", "2020-09-22 01:24:26.724931"], ["updated_at", "2020-09-22 01:24:26.724931"]]
  [1m[35m (0.4ms)[0m  [1m[35mCOMMIT[0m
  [1m[35m (0.1ms)[0m  [1m[35mBEGIN[0m
  [1m[36mUser Create (0.3ms)[0m  [1m[32mINSERT INTO "users" ("name", "starsign", "age", "img", "ltl", "created_at", "updated_at") VALUES ($1, $2, $3, $4, $5, $6, $7) RETURNING "id"[0m  [["name", "Lumpy Space Princess"], ["starsign", "Virgo"], ["age", 29], ["img", "http://i0.wp.com/www.drawcentral.com/wp-content/uploads/2013/03/Lumpy-Space-Princess.jpg?resize=150%2C150"], ["ltl", true], ["created_at", "2020-09-22 01:24:26.728705"], ["updated_at", "2020-09-22 01:24:26.728705"]]
  [1m[35m (0.4ms)[0m  [1m[35mCOMMIT[0m
  [1m[35m (0.1ms)[0m  [1m[35mBEGIN[0m
  [1m[36mUser Create (0.3ms)[0m  [1m[32mINSERT INTO "users" ("name", "starsign", "age", "img", "ltl", "created_at", "updated_at") VALUES ($1, $2, $3, $4, $5, $6, $7) RETURNING "id"[0m  [["name", "Idris Elba"], ["starsign", "Virgo"], ["age", 43], ["img", "http://www.ramascreen.com/wp-content/uploads/2015/01/Idris-Elba-Luther-150x150.jpg"], ["ltl", true], ["created_at", "2020-09-22 01:24:26.732466"], ["updated_at", "2020-09-22 01:24:26.732466"]]
  [1m[35m (0.4ms)[0m  [1m[35mCOMMIT[0m
  [1m[35m (0.1ms)[0m  [1m[35mBEGIN[0m
  [1m[36mUser Create (0.3ms)[0m  [1m[32mINSERT INTO "users" ("name", "starsign", "age", "img", "ltl", "created_at", "updated_at") VALUES ($1, $2, $3, $4, $5, $6, $7) RETURNING "id"[0m  [["name", "The Trash Heap of Fraggle Rock"], ["starsign", "Taurus"], ["age", 1000], ["img", "http://www.toughpigs.com/wp-content/uploads/2009/12/trasheap-150x150.jpg"], ["ltl", false], ["created_at", "2020-09-22 01:24:26.736358"], ["updated_at", "2020-09-22 01:24:26.736358"]]
  [1m[35m (0.4ms)[0m  [1m[35mCOMMIT[0m
  [1m[35m (0.1ms)[0m  [1m[35mBEGIN[0m
  [1m[36mUser Create (0.3ms)[0m  [1m[32mINSERT INTO "users" ("name", "starsign", "age", "img", "ltl", "created_at", "updated_at") VALUES ($1, $2, $3, $4, $5, $6, $7) RETURNING "id"[0m  [["name", "Guy Guy"], ["starsign", "Gemni"], ["age", 60], ["img", "https://s-media-cache-ak0.pinimg.com/236x/03/d1/53/03d153c14b49a88cab97d58a5bedb6e8.jpg"], ["ltl", false], ["created_at", "2020-09-22 01:24:26.740249"], ["updated_at", "2020-09-22 01:24:26.740249"]]
  [1m[35m (0.4ms)[0m  [1m[35mCOMMIT[0m
  [1m[35m (0.1ms)[0m  [1m[35mBEGIN[0m
  [1m[36mUser Create (0.3ms)[0m  [1m[32mINSERT INTO "users" ("name", "starsign", "age", "img", "ltl", "created_at", "updated_at") VALUES ($1, $2, $3, $4, $5, $6, $7) RETURNING "id"[0m  [["name", "Raisin"], ["starsign", "Gemni"], ["age", 20], ["img", "http://cdn.lifeinthefastlane.com/wp-content/uploads/2010/09/raisin.jpg"], ["ltl", false], ["created_at", "2020-09-22 01:24:26.744163"], ["updated_at", "2020-09-22 01:24:26.744163"]]
  [1m[35m (0.3ms)[0m  [1m[35mCOMMIT[0m
  [1m[35m (0.1ms)[0m  [1m[35mBEGIN[0m
  [1m[36mUser Create (0.3ms)[0m  [1m[32mINSERT INTO "users" ("name", "starsign", "age", "img", "ltl", "created_at", "updated_at") VALUES ($1, $2, $3, $4, $5, $6, $7) RETURNING "id"[0m  [["name", "Jim"], ["starsign", "Leo"], ["age", 49], ["img", "http://www.argylejournal.com/wp-content/uploads/2012/10/Jim-Ellinghausen-e1349993531939-150x150.jpg"], ["ltl", false], ["created_at", "2020-09-22 01:24:26.747703"], ["updated_at", "2020-09-22 01:24:26.747703"]]
  [1m[35m (0.4ms)[0m  [1m[35mCOMMIT[0m
  [1m[35m (0.1ms)[0m  [1m[35mBEGIN[0m
  [1m[36mUser Create (0.3ms)[0m  [1m[32mINSERT INTO "users" ("name", "starsign", "age", "img", "ltl", "created_at", "updated_at") VALUES ($1, $2, $3, $4, $5, $6, $7) RETURNING "id"[0m  [["name", "Muttley"], ["starsign", "Capricorn"], ["age", 2], ["img", "http://gifrific.com/wp-content/uploads/2012/08/Cartoon-Character-Mutley-Laughing-150x150.gif"], ["ltl", true], ["created_at", "2020-09-22 01:24:26.751260"], ["updated_at", "2020-09-22 01:24:26.751260"]]
  [1m[35m (0.4ms)[0m  [1m[35mCOMMIT[0m
  [1m[35m (0.1ms)[0m  [1m[35mBEGIN[0m
  [1m[36mUser Create (0.3ms)[0m  [1m[32mINSERT INTO "users" ("name", "starsign", "age", "img", "ltl", "created_at", "updated_at") VALUES ($1, $2, $3, $4, $5, $6, $7) RETURNING "id"[0m  [["name", "Slimer"], ["starsign", "Pisces"], ["age", 90], ["img", "http://orig13.deviantart.net/ef48/f/2014/309/1/5/slimer_by_bbjeg-d85exys.png"], ["ltl", true], ["created_at", "2020-09-22 01:24:26.754773"], ["updated_at", "2020-09-22 01:24:26.754773"]]
  [1m[35m (0.3ms)[0m  [1m[35mCOMMIT[0m
  [1m[35m (0.1ms)[0m  [1m[35mBEGIN[0m
  [1m[36mUser Create (0.3ms)[0m  [1m[32mINSERT INTO "users" ("name", "starsign", "age", "img", "ltl", "created_at", "updated_at") VALUES ($1, $2, $3, $4, $5, $6, $7) RETURNING "id"[0m  [["name", "Mist"], ["starsign", "Aquarius"], ["age", 340000], ["img", "http://www.kidthesaurus.com/wp-content/uploads/2015/07/mist-150x150.jpg"], ["ltl", true], ["created_at", "2020-09-22 01:24:26.758247"], ["updated_at", "2020-09-22 01:24:26.758247"]]
  [1m[35m (0.4ms)[0m  [1m[35mCOMMIT[0m
  [1m[35m (0.1ms)[0m  [1m[35mBEGIN[0m
  [1m[36mUser Create (0.3ms)[0m  [1m[32mINSERT INTO "users" ("name", "starsign", "age", "img", "ltl", "created_at", "updated_at") VALUES ($1, $2, $3, $4, $5, $6, $7) RETURNING "id"[0m  [["name", "Ching Shih"], ["starsign", "Sagittarius"], ["age", 340000], ["img", "http://treehouseletter.com/wp-content/uploads/2015/04/Ching-Shih-150x150.jpg"], ["ltl", true], ["created_at", "2020-09-22 01:24:26.761644"], ["updated_at", "2020-09-22 01:24:26.761644"]]
  [1m[35m (0.4ms)[0m  [1m[35mCOMMIT[0m
  [1m[35m (0.1ms)[0m  [1m[35mBEGIN[0m
  [1m[36mUser Create (0.3ms)[0m  [1m[32mINSERT INTO "users" ("name", "starsign", "age", "img", "ltl", "created_at", "updated_at") VALUES ($1, $2, $3, $4, $5, $6, $7) RETURNING "id"[0m  [["name", "Galadriel"], ["starsign", "Sagittarius"], ["age", 7045], ["img", "http://nerdbastards.com/wp-content/uploads/2015/12/Galadriel-and-Phial-150x150.jpg"], ["ltl", true], ["created_at", "2020-09-22 01:24:26.765152"], ["updated_at", "2020-09-22 01:24:26.765152"]]
  [1m[35m (0.4ms)[0m  [1m[35mCOMMIT[0m
  [1m[35m (0.1ms)[0m  [1m[35mBEGIN[0m
  [1m[36mUser Create (0.3ms)[0m  [1m[32mINSERT INTO "users" ("name", "starsign", "age", "img", "ltl", "created_at", "updated_at") VALUES ($1, $2, $3, $4, $5, $6, $7) RETURNING "id"[0m  [["name", "Skeletor"], ["starsign", "Cancer"], ["age", 19], ["img", "http://www.shwiggie.com/media/images/skeletor-smirk.jpg"], ["ltl", true], ["created_at", "2020-09-22 01:24:26.768557"], ["updated_at", "2020-09-22 01:24:26.768557"]]
  [1m[35m (0.4ms)[0m  [1m[35mCOMMIT[0m
  [1m[35m (0.1ms)[0m  [1m[35mBEGIN[0m
  [1m[36mUser Create (0.3ms)[0m  [1m[32mINSERT INTO "users" ("name", "starsign", "age", "img", "ltl", "created_at", "updated_at") VALUES ($1, $2, $3, $4, $5, $6, $7) RETURNING "id"[0m  [["name", "Sauron"], ["starsign", "Taurus"], ["age", 198], ["img", "http://ia.media-imdb.com/images/M/MV5BMTc0Njk5NDQwNl5BMl5BanBnXkFtZTYwNTU3NTky._V1_SX150_CR0,0,150,150_.jpg"], ["ltl", false], ["created_at", "2020-09-22 01:24:26.771918"], ["updated_at", "2020-09-22 01:24:26.771918"]]
  [1m[35m (0.3ms)[0m  [1m[35mCOMMIT[0m
Started GET "/users/signup" for ::1 at 2020-09-21 21:24:47 -0400
  [1m[35m (0.7ms)[0m  [1m[34mSELECT "schema_migrations"."version" FROM "schema_migrations" ORDER BY "schema_migrations"."version" ASC[0m
Processing by UsersController#show as HTML
  Parameters: {"id"=>"signup"}
  [1m[36mUser Load (0.6ms)[0m  [1m[34mSELECT "users".* FROM "users" WHERE "users"."id" = $1 LIMIT $2[0m  [["id", nil], ["LIMIT", 1]]
  ↳ app/controllers/users_controller.rb:44:in `set_user'
Completed 404 Not Found in 13ms (ActiveRecord: 7.8ms | Allocations: 2068)


  
ActiveRecord::RecordNotFound (Couldn't find User with 'id'=signup):
  
app/controllers/users_controller.rb:44:in `set_user'
Started GET "/favicon.ico" for ::1 at 2020-09-21 21:24:47 -0400
  
ActionController::RoutingError (No route matches [GET] "/favicon.ico"):
  
actionpack (6.0.3.3) lib/action_dispatch/middleware/debug_exceptions.rb:36:in `call'
actionpack (6.0.3.3) lib/action_dispatch/middleware/show_exceptions.rb:33:in `call'
railties (6.0.3.3) lib/rails/rack/logger.rb:37:in `call_app'
railties (6.0.3.3) lib/rails/rack/logger.rb:26:in `block in call'
activesupport (6.0.3.3) lib/active_support/tagged_logging.rb:80:in `block in tagged'
activesupport (6.0.3.3) lib/active_support/tagged_logging.rb:28:in `tagged'
activesupport (6.0.3.3) lib/active_support/tagged_logging.rb:80:in `tagged'
railties (6.0.3.3) lib/rails/rack/logger.rb:26:in `call'
actionpack (6.0.3.3) lib/action_dispatch/middleware/remote_ip.rb:81:in `call'
actionpack (6.0.3.3) lib/action_dispatch/middleware/request_id.rb:27:in `call'
rack (2.2.3) lib/rack/runtime.rb:22:in `call'
activesupport (6.0.3.3) lib/active_support/cache/strategy/local_cache_middleware.rb:29:in `call'
actionpack (6.0.3.3) lib/action_dispatch/middleware/executor.rb:14:in `call'
actionpack (6.0.3.3) lib/action_dispatch/middleware/static.rb:126:in `call'
rack (2.2.3) lib/rack/sendfile.rb:110:in `call'
actionpack (6.0.3.3) lib/action_dispatch/middleware/host_authorization.rb:82:in `call'
railties (6.0.3.3) lib/rails/engine.rb:527:in `call'
puma (4.3.6) lib/puma/configuration.rb:228:in `call'
puma (4.3.6) lib/puma/server.rb:713:in `handle_request'
puma (4.3.6) lib/puma/server.rb:472:in `process_client'
puma (4.3.6) lib/puma/server.rb:328:in `block in run'
puma (4.3.6) lib/puma/thread_pool.rb:134:in `block in spawn_thread'
Started GET "/users/" for ::1 at 2020-09-21 21:24:50 -0400
Processing by UsersController#index as HTML
  [1m[36mUser Load (0.6ms)[0m  [1m[34mSELECT "users".* FROM "users"[0m
  ↳ app/controllers/users_controller.rb:8:in `index'
Completed 200 OK in 14ms (Views: 13.4ms | ActiveRecord: 0.6ms | Allocations: 7195)


Started GET "/users" for ::1 at 2020-09-21 21:46:17 -0400
  [1m[35m (0.9ms)[0m  [1m[34mSELECT "schema_migrations"."version" FROM "schema_migrations" ORDER BY "schema_migrations"."version" ASC[0m
Processing by UsersController#index as */*
  [1m[36mUser Load (0.7ms)[0m  [1m[34mSELECT "users".* FROM "users"[0m
  ↳ app/controllers/users_controller.rb:8:in `index'
Completed 200 OK in 20ms (Views: 11.7ms | ActiveRecord: 6.9ms | Allocations: 8173)


Started GET "/users" for ::1 at 2020-09-21 21:47:38 -0400
Processing by UsersController#index as */*
  [1m[36mUser Load (0.7ms)[0m  [1m[34mSELECT "users".* FROM "users"[0m
  ↳ app/controllers/users_controller.rb:8:in `index'
Completed 200 OK in 6ms (Views: 4.9ms | ActiveRecord: 0.7ms | Allocations: 3013)


Started GET "/users" for ::1 at 2020-09-21 21:51:34 -0400
Processing by UsersController#index as */*
  [1m[36mUser Load (1.6ms)[0m  [1m[34mSELECT "users".* FROM "users"[0m
  ↳ app/controllers/users_controller.rb:8:in `index'
Completed 200 OK in 7ms (Views: 5.6ms | ActiveRecord: 1.6ms | Allocations: 3013)


Started GET "/users" for ::1 at 2020-09-21 21:51:46 -0400
Processing by UsersController#index as */*
  [1m[36mUser Load (1.4ms)[0m  [1m[34mSELECT "users".* FROM "users"[0m
  ↳ app/controllers/users_controller.rb:8:in `index'
Completed 200 OK in 7ms (Views: 4.8ms | ActiveRecord: 1.4ms | Allocations: 3013)


Started GET "/users/" for ::1 at 2020-09-21 21:52:32 -0400
  [1m[35m (0.9ms)[0m  [1m[34mSELECT "schema_migrations"."version" FROM "schema_migrations" ORDER BY "schema_migrations"."version" ASC[0m
Processing by UsersController#index as HTML
  [1m[36mUser Load (1.0ms)[0m  [1m[34mSELECT "users".* FROM "users"[0m
  ↳ app/controllers/users_controller.rb:8:in `index'
Completed 200 OK in 22ms (Views: 12.1ms | ActiveRecord: 7.8ms | Allocations: 8171)


Started GET "/users" for ::1 at 2020-09-21 21:53:00 -0400
Processing by UsersController#index as */*
  [1m[36mUser Load (2.8ms)[0m  [1m[34mSELECT "users".* FROM "users"[0m
  ↳ app/controllers/users_controller.rb:8:in `index'
Completed 200 OK in 11ms (Views: 7.3ms | ActiveRecord: 2.8ms | Allocations: 3014)


Started GET "/users" for ::1 at 2020-09-21 21:53:53 -0400
Processing by UsersController#index as */*
  [1m[36mUser Load (2.4ms)[0m  [1m[34mSELECT "users".* FROM "users"[0m
  ↳ app/controllers/users_controller.rb:8:in `index'
Completed 200 OK in 9ms (Views: 6.3ms | ActiveRecord: 2.4ms | Allocations: 3013)


Started GET "/users" for ::1 at 2020-09-21 21:54:20 -0400
  [1m[35m (0.8ms)[0m  [1m[34mSELECT "schema_migrations"."version" FROM "schema_migrations" ORDER BY "schema_migrations"."version" ASC[0m
Processing by UsersController#index as */*
  [1m[36mUser Load (1.5ms)[0m  [1m[34mSELECT "users".* FROM "users"[0m
  ↳ app/controllers/users_controller.rb:8:in `index'
Completed 200 OK in 22ms (Views: 12.7ms | ActiveRecord: 7.8ms | Allocations: 8173)


Started GET "/users" for ::1 at 2020-09-21 21:55:55 -0400
Processing by UsersController#index as */*
  [1m[36mUser Load (13.1ms)[0m  [1m[34mSELECT "users".* FROM "users"[0m
  ↳ app/controllers/users_controller.rb:8:in `index'
Completed 200 OK in 20ms (Views: 6.3ms | ActiveRecord: 13.1ms | Allocations: 3013)


Started GET "/users" for ::1 at 2020-09-21 21:58:29 -0400
Processing by UsersController#index as */*
  [1m[36mUser Load (27.1ms)[0m  [1m[34mSELECT "users".* FROM "users"[0m
  ↳ app/controllers/users_controller.rb:8:in `index'
Completed 200 OK in 35ms (Views: 7.2ms | ActiveRecord: 27.1ms | Allocations: 3013)


Started GET "/users" for ::1 at 2020-09-21 21:59:01 -0400
  [1m[35m (1.3ms)[0m  [1m[34mSELECT "schema_migrations"."version" FROM "schema_migrations" ORDER BY "schema_migrations"."version" ASC[0m
Processing by UsersController#index as */*
  [1m[36mUser Load (0.8ms)[0m  [1m[34mSELECT "users".* FROM "users"[0m
  ↳ app/controllers/users_controller.rb:8:in `index'
Completed 200 OK in 24ms (Views: 13.5ms | ActiveRecord: 7.8ms | Allocations: 8173)


Started GET "/users" for ::1 at 2020-09-21 22:00:17 -0400
Processing by UsersController#index as */*
  [1m[36mUser Load (19.7ms)[0m  [1m[34mSELECT "users".* FROM "users"[0m
  ↳ app/controllers/users_controller.rb:8:in `index'
Completed 200 OK in 28ms (Views: 7.9ms | ActiveRecord: 19.7ms | Allocations: 3013)


Started GET "/users" for ::1 at 2020-09-21 22:04:27 -0400
Processing by UsersController#index as */*
  [1m[36mUser Load (13.5ms)[0m  [1m[34mSELECT "users".* FROM "users"[0m
  ↳ app/controllers/users_controller.rb:8:in `index'
Completed 200 OK in 20ms (Views: 6.7ms | ActiveRecord: 13.5ms | Allocations: 3013)


Started GET "/users" for ::1 at 2020-09-21 22:07:33 -0400
Processing by UsersController#index as */*
  [1m[36mUser Load (5.2ms)[0m  [1m[34mSELECT "users".* FROM "users"[0m
  ↳ app/controllers/users_controller.rb:8:in `index'
Completed 200 OK in 12ms (Views: 6.7ms | ActiveRecord: 5.2ms | Allocations: 3013)


Started GET "/users" for ::1 at 2020-09-21 22:07:40 -0400
Processing by UsersController#index as */*
  [1m[36mUser Load (3.8ms)[0m  [1m[34mSELECT "users".* FROM "users"[0m
  ↳ app/controllers/users_controller.rb:8:in `index'
Completed 200 OK in 10ms (Views: 5.7ms | ActiveRecord: 3.8ms | Allocations: 3013)


Started GET "/users" for ::1 at 2020-09-21 22:08:01 -0400
Processing by UsersController#index as */*
  [1m[36mUser Load (0.8ms)[0m  [1m[34mSELECT "users".* FROM "users"[0m
  ↳ app/controllers/users_controller.rb:8:in `index'
Completed 200 OK in 8ms (Views: 6.7ms | ActiveRecord: 0.8ms | Allocations: 2995)


Started GET "/users" for ::1 at 2020-09-21 22:11:58 -0400
Processing by UsersController#index as */*
  [1m[36mUser Load (12.1ms)[0m  [1m[34mSELECT "users".* FROM "users"[0m
  ↳ app/controllers/users_controller.rb:8:in `index'
Completed 200 OK in 19ms (Views: 6.3ms | ActiveRecord: 12.1ms | Allocations: 2995)


Started GET "/users" for ::1 at 2020-09-21 22:14:24 -0400
Processing by UsersController#index as */*
  [1m[36mUser Load (1.2ms)[0m  [1m[34mSELECT "users".* FROM "users"[0m
  ↳ app/controllers/users_controller.rb:8:in `index'
Completed 200 OK in 6ms (Views: 4.9ms | ActiveRecord: 1.2ms | Allocations: 2995)


Started GET "/users" for ::1 at 2020-09-21 22:15:22 -0400
Processing by UsersController#index as */*
  [1m[36mUser Load (1.2ms)[0m  [1m[34mSELECT "users".* FROM "users"[0m
  ↳ app/controllers/users_controller.rb:8:in `index'
Completed 200 OK in 6ms (Views: 4.9ms | ActiveRecord: 1.2ms | Allocations: 2995)


Started GET "/users" for ::1 at 2020-09-21 22:16:16 -0400
Processing by UsersController#index as */*
  [1m[36mUser Load (2.4ms)[0m  [1m[34mSELECT "users".* FROM "users"[0m
  ↳ app/controllers/users_controller.rb:8:in `index'
Completed 200 OK in 9ms (Views: 5.7ms | ActiveRecord: 2.4ms | Allocations: 2995)


Started GET "/users" for ::1 at 2020-09-21 22:17:18 -0400
Processing by UsersController#index as */*
  [1m[36mUser Load (5.5ms)[0m  [1m[34mSELECT "users".* FROM "users"[0m
  ↳ app/controllers/users_controller.rb:8:in `index'
Completed 200 OK in 11ms (Views: 4.9ms | ActiveRecord: 5.5ms | Allocations: 2995)


Started GET "/users" for ::1 at 2020-09-21 22:18:38 -0400
Processing by UsersController#index as */*
  [1m[36mUser Load (12.8ms)[0m  [1m[34mSELECT "users".* FROM "users"[0m
  ↳ app/controllers/users_controller.rb:8:in `index'
Completed 200 OK in 20ms (Views: 6.4ms | ActiveRecord: 12.8ms | Allocations: 2995)


Started GET "/users" for ::1 at 2020-09-21 22:18:44 -0400
Processing by UsersController#index as */*
  [1m[36mUser Load (0.9ms)[0m  [1m[34mSELECT "users".* FROM "users"[0m
  ↳ app/controllers/users_controller.rb:8:in `index'
Completed 200 OK in 8ms (Views: 6.5ms | ActiveRecord: 0.9ms | Allocations: 2995)


Started GET "/users" for ::1 at 2020-09-21 22:20:17 -0400
Processing by UsersController#index as */*
  [1m[36mUser Load (0.8ms)[0m  [1m[34mSELECT "users".* FROM "users"[0m
  ↳ app/controllers/users_controller.rb:8:in `index'
Completed 200 OK in 7ms (Views: 6.2ms | ActiveRecord: 0.8ms | Allocations: 2995)


Started GET "/users" for ::1 at 2020-09-21 22:26:11 -0400
Processing by UsersController#index as */*
  [1m[36mUser Load (0.8ms)[0m  [1m[34mSELECT "users".* FROM "users"[0m
  ↳ app/controllers/users_controller.rb:8:in `index'
Completed 200 OK in 5ms (Views: 3.5ms | ActiveRecord: 0.8ms | Allocations: 3111)


Started GET "/users" for ::1 at 2020-09-21 22:26:44 -0400
Processing by UsersController#index as */*
  [1m[36mUser Load (1.7ms)[0m  [1m[34mSELECT "users".* FROM "users"[0m
  ↳ app/controllers/users_controller.rb:8:in `index'
Completed 200 OK in 8ms (Views: 5.4ms | ActiveRecord: 1.7ms | Allocations: 2995)


Started GET "/users" for ::1 at 2020-09-21 22:37:18 -0400
Processing by UsersController#index as */*
  [1m[36mUser Load (0.7ms)[0m  [1m[34mSELECT "users".* FROM "users"[0m
  ↳ app/controllers/users_controller.rb:8:in `index'
Completed 200 OK in 4ms (Views: 3.2ms | ActiveRecord: 0.7ms | Allocations: 3112)


Started GET "/users" for ::1 at 2020-09-21 22:37:31 -0400
Processing by UsersController#index as */*
  [1m[36mUser Load (2.1ms)[0m  [1m[34mSELECT "users".* FROM "users"[0m
  ↳ app/controllers/users_controller.rb:8:in `index'
Completed 200 OK in 8ms (Views: 5.5ms | ActiveRecord: 2.1ms | Allocations: 2995)


Started GET "/users" for ::1 at 2020-09-21 22:41:32 -0400
Processing by UsersController#index as */*
  [1m[36mUser Load (0.5ms)[0m  [1m[34mSELECT "users".* FROM "users"[0m
  ↳ app/controllers/users_controller.rb:8:in `index'
Completed 200 OK in 5ms (Views: 4.6ms | ActiveRecord: 0.5ms | Allocations: 2995)


Started GET "/users" for ::1 at 2020-09-21 22:41:49 -0400
Processing by UsersController#index as */*
  [1m[36mUser Load (1.3ms)[0m  [1m[34mSELECT "users".* FROM "users"[0m
  ↳ app/controllers/users_controller.rb:8:in `index'
Completed 200 OK in 6ms (Views: 4.0ms | ActiveRecord: 1.3ms | Allocations: 2995)


Started GET "/users" for ::1 at 2020-09-21 22:42:50 -0400
Processing by UsersController#index as */*
  [1m[36mUser Load (0.5ms)[0m  [1m[34mSELECT "users".* FROM "users"[0m
  ↳ app/controllers/users_controller.rb:8:in `index'
Completed 200 OK in 5ms (Views: 4.7ms | ActiveRecord: 0.5ms | Allocations: 2995)


Started GET "/users" for ::1 at 2020-09-21 22:48:32 -0400
Processing by UsersController#index as */*
  [1m[36mUser Load (1.0ms)[0m  [1m[34mSELECT "users".* FROM "users"[0m
  ↳ app/controllers/users_controller.rb:8:in `index'
Completed 200 OK in 5ms (Views: 3.4ms | ActiveRecord: 1.0ms | Allocations: 3111)


Started GET "/users" for ::1 at 2020-09-21 22:51:43 -0400
Processing by UsersController#index as */*
  [1m[36mUser Load (1.2ms)[0m  [1m[34mSELECT "users".* FROM "users"[0m
  ↳ app/controllers/users_controller.rb:6:in `index'
Completed 200 OK in 35ms (Views: 0.9ms | ActiveRecord: 18.7ms | Allocations: 6251)


Started GET "/users" for ::1 at 2020-09-21 22:55:01 -0400
  
SyntaxError (/Users/jamesleggero/dev_ga/matchr/matchr_api/app/controllers/users_controller.rb:10: syntax error, unexpected '\n', expecting =>
/Users/jamesleggero/dev_ga/matchr/matchr_api/app/controllers/users_controller.rb:53: syntax error, unexpected end-of-input, expecting `end'):
  
app/controllers/users_controller.rb:10: syntax error, unexpected '\n', expecting =>
app/controllers/users_controller.rb:53: syntax error, unexpected end-of-input, expecting `end'
app/controllers/users_controller.rb:10: syntax error, unexpected '\n', expecting =>
app/controllers/users_controller.rb:53: syntax error, unexpected end-of-input, expecting `end'
Started GET "/users" for ::1 at 2020-09-21 22:56:10 -0400
Processing by UsersController#index as */*
  [1m[36mUser Load (2.4ms)[0m  [1m[34mSELECT "users".* FROM "users"[0m
  ↳ app/controllers/users_controller.rb:6:in `index'
Completed 200 OK in 36ms (Views: 1.2ms | ActiveRecord: 19.1ms | Allocations: 6141)


Started GET "/users" for ::1 at 2020-09-21 22:59:47 -0400
Processing by UsersController#index as */*
  [1m[36mUser Load (11.4ms)[0m  [1m[34mSELECT "users".* FROM "users"[0m
  ↳ app/controllers/users_controller.rb:6:in `index'
Completed 200 OK in 15ms (Views: 1.0ms | ActiveRecord: 11.4ms | Allocations: 1598)


Started GET "/users" for ::1 at 2020-09-21 23:00:48 -0400
Processing by UsersController#index as */*
  [1m[36mUser Load (0.5ms)[0m  [1m[34mSELECT "users".* FROM "users"[0m
  ↳ app/controllers/users_controller.rb:6:in `index'
Completed 200 OK in 5ms (Views: 2.0ms | ActiveRecord: 0.5ms | Allocations: 1597)


Started GET "/users" for ::1 at 2020-09-21 23:01:30 -0400
Processing by UsersController#index as */*
  [1m[36mUser Load (11.0ms)[0m  [1m[34mSELECT "users".* FROM "users"[0m
  ↳ app/controllers/users_controller.rb:6:in `index'
Completed 200 OK in 15ms (Views: 0.9ms | ActiveRecord: 11.0ms | Allocations: 1598)


Started GET "/users" for ::1 at 2020-09-21 23:01:32 -0400
Processing by UsersController#index as */*
  [1m[36mUser Load (2.9ms)[0m  [1m[34mSELECT "users".* FROM "users"[0m
  ↳ app/controllers/users_controller.rb:6:in `index'
Completed 200 OK in 8ms (Views: 1.9ms | ActiveRecord: 2.9ms | Allocations: 1598)


Started GET "/users" for ::1 at 2020-09-21 23:01:43 -0400
Processing by UsersController#index as */*
  [1m[36mUser Load (8.0ms)[0m  [1m[34mSELECT "users".* FROM "users"[0m
  ↳ app/controllers/users_controller.rb:6:in `index'
Completed 200 OK in 13ms (Views: 1.7ms | ActiveRecord: 8.0ms | Allocations: 1598)


Started GET "/users" for ::1 at 2020-09-21 23:01:46 -0400
Processing by UsersController#index as */*
  [1m[36mUser Load (7.0ms)[0m  [1m[34mSELECT "users".* FROM "users"[0m
  ↳ app/controllers/users_controller.rb:6:in `index'
Completed 200 OK in 11ms (Views: 1.6ms | ActiveRecord: 7.0ms | Allocations: 1597)


Started GET "/users" for ::1 at 2020-09-21 23:02:21 -0400
Processing by UsersController#index as */*
  [1m[36mUser Load (5.6ms)[0m  [1m[34mSELECT "users".* FROM "users"[0m
  ↳ app/controllers/users_controller.rb:6:in `index'
Completed 200 OK in 10ms (Views: 1.5ms | ActiveRecord: 5.6ms | Allocations: 1597)


Started GET "/users" for ::1 at 2020-09-21 23:02:35 -0400
Processing by UsersController#index as */*
  [1m[36mUser Load (18.7ms)[0m  [1m[34mSELECT "users".* FROM "users"[0m
  ↳ app/controllers/users_controller.rb:6:in `index'
Completed 200 OK in 22ms (Views: 1.2ms | ActiveRecord: 18.7ms | Allocations: 1598)


Started GET "/users" for ::1 at 2020-09-21 23:09:13 -0400
Processing by UsersController#index as */*
  [1m[36mUser Load (0.7ms)[0m  [1m[34mSELECT "users".* FROM "users"[0m
  ↳ app/controllers/users_controller.rb:6:in `index'
Completed 200 OK in 3ms (Views: 0.9ms | ActiveRecord: 0.7ms | Allocations: 1713)


Started GET "/users" for ::1 at 2020-09-21 23:09:30 -0400
Processing by UsersController#index as */*
  [1m[36mUser Load (0.4ms)[0m  [1m[34mSELECT "users".* FROM "users"[0m
  ↳ app/controllers/users_controller.rb:6:in `index'
Completed 200 OK in 3ms (Views: 1.0ms | ActiveRecord: 0.4ms | Allocations: 1597)


Started GET "/users" for ::1 at 2020-09-21 23:09:38 -0400
Processing by UsersController#index as */*
  [1m[36mUser Load (0.5ms)[0m  [1m[34mSELECT "users".* FROM "users"[0m
  ↳ app/controllers/users_controller.rb:6:in `index'
Completed 200 OK in 4ms (Views: 1.4ms | ActiveRecord: 0.5ms | Allocations: 1598)


Started GET "/users" for ::1 at 2020-09-21 23:09:56 -0400
Processing by UsersController#index as */*
  [1m[36mUser Load (7.4ms)[0m  [1m[34mSELECT "users".* FROM "users"[0m
  ↳ app/controllers/users_controller.rb:6:in `index'
Completed 200 OK in 12ms (Views: 1.9ms | ActiveRecord: 7.4ms | Allocations: 1598)


Started GET "/users" for ::1 at 2020-09-21 23:10:10 -0400
Processing by UsersController#index as */*
  [1m[36mUser Load (11.9ms)[0m  [1m[34mSELECT "users".* FROM "users"[0m
  ↳ app/controllers/users_controller.rb:6:in `index'
Completed 200 OK in 16ms (Views: 1.5ms | ActiveRecord: 11.9ms | Allocations: 1597)


Started GET "/users" for ::1 at 2020-09-21 23:10:36 -0400
Processing by UsersController#index as */*
  [1m[36mUser Load (4.6ms)[0m  [1m[34mSELECT "users".* FROM "users"[0m
  ↳ app/controllers/users_controller.rb:6:in `index'
Completed 200 OK in 9ms (Views: 1.4ms | ActiveRecord: 4.6ms | Allocations: 1598)


Started GET "/users" for ::1 at 2020-09-21 23:11:18 -0400
Processing by UsersController#index as */*
  [1m[36mUser Load (16.8ms)[0m  [1m[34mSELECT "users".* FROM "users"[0m
  ↳ app/controllers/users_controller.rb:6:in `index'
Completed 200 OK in 20ms (Views: 1.3ms | ActiveRecord: 16.8ms | Allocations: 1599)


Started GET "/users" for ::1 at 2020-09-21 23:11:44 -0400
Processing by UsersController#index as */*
  [1m[36mUser Load (23.8ms)[0m  [1m[34mSELECT "users".* FROM "users"[0m
  ↳ app/controllers/users_controller.rb:6:in `index'
Completed 200 OK in 29ms (Views: 1.9ms | ActiveRecord: 23.8ms | Allocations: 1599)


Started GET "/users" for ::1 at 2020-09-21 23:13:01 -0400
Processing by UsersController#index as */*
  [1m[36mUser Load (0.5ms)[0m  [1m[34mSELECT "users".* FROM "users"[0m
  ↳ app/controllers/users_controller.rb:6:in `index'
Completed 200 OK in 3ms (Views: 1.3ms | ActiveRecord: 0.5ms | Allocations: 1598)


Started GET "/users" for ::1 at 2020-09-21 23:13:07 -0400
Processing by UsersController#index as */*
  [1m[36mUser Load (0.5ms)[0m  [1m[34mSELECT "users".* FROM "users"[0m
  ↳ app/controllers/users_controller.rb:6:in `index'
Completed 200 OK in 3ms (Views: 1.0ms | ActiveRecord: 0.5ms | Allocations: 1597)


Started GET "/users" for ::1 at 2020-09-21 23:13:54 -0400
Processing by UsersController#index as */*
  [1m[36mUser Load (0.5ms)[0m  [1m[34mSELECT "users".* FROM "users"[0m
  ↳ app/controllers/users_controller.rb:6:in `index'
Completed 200 OK in 3ms (Views: 1.0ms | ActiveRecord: 0.5ms | Allocations: 1598)


Started GET "/users" for ::1 at 2020-09-21 23:14:15 -0400
Processing by UsersController#index as */*
  [1m[36mUser Load (0.4ms)[0m  [1m[34mSELECT "users".* FROM "users"[0m
  ↳ app/controllers/users_controller.rb:6:in `index'
Completed 200 OK in 3ms (Views: 1.0ms | ActiveRecord: 0.4ms | Allocations: 1598)


Started GET "/users" for ::1 at 2020-09-21 23:14:19 -0400
Processing by UsersController#index as */*
  [1m[36mUser Load (0.5ms)[0m  [1m[34mSELECT "users".* FROM "users"[0m
  ↳ app/controllers/users_controller.rb:6:in `index'
Completed 200 OK in 5ms (Views: 1.3ms | ActiveRecord: 0.5ms | Allocations: 1598)


Started GET "/users" for ::1 at 2020-09-21 23:14:50 -0400
Processing by UsersController#index as */*
  [1m[36mUser Load (0.7ms)[0m  [1m[34mSELECT "users".* FROM "users"[0m
  ↳ app/controllers/users_controller.rb:6:in `index'
Completed 200 OK in 4ms (Views: 1.0ms | ActiveRecord: 0.7ms | Allocations: 1597)


Started GET "/users" for ::1 at 2020-09-21 23:14:57 -0400
Processing by UsersController#index as */*
  [1m[36mUser Load (0.9ms)[0m  [1m[34mSELECT "users".* FROM "users"[0m
  ↳ app/controllers/users_controller.rb:6:in `index'
Completed 200 OK in 4ms (Views: 1.4ms | ActiveRecord: 0.9ms | Allocations: 1598)


Started GET "/users" for ::1 at 2020-09-21 23:18:44 -0400
Processing by UsersController#index as */*
  [1m[36mUser Load (0.5ms)[0m  [1m[34mSELECT "users".* FROM "users"[0m
  ↳ app/controllers/users_controller.rb:6:in `index'
Completed 200 OK in 4ms (Views: 1.4ms | ActiveRecord: 0.5ms | Allocations: 1597)


Started GET "/users" for ::1 at 2020-09-21 23:19:18 -0400
Processing by UsersController#index as */*
  [1m[36mUser Load (1.1ms)[0m  [1m[34mSELECT "users".* FROM "users"[0m
  ↳ app/controllers/users_controller.rb:6:in `index'
Completed 200 OK in 4ms (Views: 1.1ms | ActiveRecord: 1.1ms | Allocations: 1597)


Started GET "/users" for ::1 at 2020-09-21 23:19:29 -0400
Processing by UsersController#index as */*
  [1m[36mUser Load (12.6ms)[0m  [1m[34mSELECT "users".* FROM "users"[0m
  ↳ app/controllers/users_controller.rb:6:in `index'
Completed 200 OK in 17ms (Views: 1.6ms | ActiveRecord: 12.6ms | Allocations: 1599)


Started GET "/users" for ::1 at 2020-09-21 23:19:39 -0400
Processing by UsersController#index as */*
  [1m[36mUser Load (14.3ms)[0m  [1m[34mSELECT "users".* FROM "users"[0m
  ↳ app/controllers/users_controller.rb:6:in `index'
Completed 200 OK in 18ms (Views: 1.2ms | ActiveRecord: 14.3ms | Allocations: 1597)


Started GET "/users" for ::1 at 2020-09-21 23:19:47 -0400
Processing by UsersController#index as */*
  [1m[36mUser Load (0.5ms)[0m  [1m[34mSELECT "users".* FROM "users"[0m
  ↳ app/controllers/users_controller.rb:6:in `index'
Completed 200 OK in 4ms (Views: 1.9ms | ActiveRecord: 0.5ms | Allocations: 1598)


Started GET "/users" for ::1 at 2020-09-21 23:19:58 -0400
Processing by UsersController#index as */*
  [1m[36mUser Load (2.0ms)[0m  [1m[34mSELECT "users".* FROM "users"[0m
  ↳ app/controllers/users_controller.rb:6:in `index'
Completed 200 OK in 11ms (Views: 6.2ms | ActiveRecord: 2.0ms | Allocations: 1598)


Started POST "/users" for ::1 at 2020-09-21 23:20:54 -0400
Processing by UsersController#create as HTML
  Parameters: {"author"=>"", "content"=>"", "title"=>"", "name"=>"Mountain Dew", "starsign"=>"Scorpio", "age"=>"2", "ltl"=>"true", "img"=>"https://i.ibb.co/R6XZwFs/liberty-brew.png", "user"=>{"name"=>"Mountain Dew", "starsign"=>"Scorpio", "age"=>"2", "img"=>"https://i.ibb.co/R6XZwFs/liberty-brew.png", "ltl"=>"true"}}
  [1m[35m (0.2ms)[0m  [1m[35mBEGIN[0m
  ↳ app/controllers/users_controller.rb:20:in `create'
  [1m[36mUser Create (41.1ms)[0m  [1m[32mINSERT INTO "users" ("name", "starsign", "age", "img", "ltl", "created_at", "updated_at") VALUES ($1, $2, $3, $4, $5, $6, $7) RETURNING "id"[0m  [["name", "Mountain Dew"], ["starsign", "Scorpio"], ["age", 2], ["img", "https://i.ibb.co/R6XZwFs/liberty-brew.png"], ["ltl", true], ["created_at", "2020-09-22 03:20:54.079353"], ["updated_at", "2020-09-22 03:20:54.079353"]]
  ↳ app/controllers/users_controller.rb:20:in `create'
  [1m[35m (2.1ms)[0m  [1m[35mCOMMIT[0m
  ↳ app/controllers/users_controller.rb:20:in `create'
Completed 201 Created in 50ms (Views: 0.8ms | ActiveRecord: 43.4ms | Allocations: 2872)


Started GET "/users" for ::1 at 2020-09-21 23:21:01 -0400
Processing by UsersController#index as */*
  [1m[36mUser Load (14.1ms)[0m  [1m[34mSELECT "users".* FROM "users"[0m
  ↳ app/controllers/users_controller.rb:6:in `index'
Completed 200 OK in 18ms (Views: 1.6ms | ActiveRecord: 14.1ms | Allocations: 1610)


